
8월 02, 2021 15:42:13.215 NEW SESSION
8월 02, 2021 15:42:13.215 [8668:7492:0802/154213.214:ERROR:device_event_log_impl.cc(214)] [15:42:13.214] Bluetooth: bluetooth_adapter_winrt.cc:1073 Getting Default Adapter failed.

8월 20, 2021 11:23:58.97 NEW SESSION
8월 20, 2021 11:23:58.97 [13368:6444:0820/112358.096:ERROR:device_event_log_impl.cc(214)] [11:23:58.096] Bluetooth: bluetooth_adapter_winrt.cc:1073 Getting Default Adapter failed.

8월 30, 2021 09:13:04.91 NEW SESSION
8월 30, 2021 09:13:04.91 [14320:3036:0830/091304.090:ERROR:device_event_log_impl.cc(214)] [09:13:04.090] Bluetooth: bluetooth_adapter_winrt.cc:1073 Getting Default Adapter failed.
8월 30, 2021 09:30:30.113 [14320:3036:0830/093030.112:ERROR:CONSOLE(0)] "TypeError: Cannot read property '__widget' of null", source:  (0)
8월 30, 2021 09:49:36.65 [14320:3036:0830/094936.065:ERROR:CONSOLE(0)] "TypeError: Cannot read property '__widget' of null", source:  (0)
8월 30, 2021 10:08:21.93 [14320:3036:0830/100821.093:ERROR:CONSOLE(0)] "TypeError: Cannot read property '__widget' of null", source:  (0)
8월 30, 2021 10:57:01.28 [14320:3036:0830/105701.028:ERROR:CONSOLE(0)] "TypeError: Cannot read property '__widget' of null", source:  (0)
8월 30, 2021 11:06:56.507 [14320:3036:0830/110656.506:ERROR:device_event_log_impl.cc(214)] [11:06:56.506] USB: usb_service_win.cc:258 Failed to get device driver name: 요소가 없습니다. (0x490)
8월 30, 2021 11:39:17.23 [14320:3036:0830/113917.023:ERROR:CONSOLE(0)] "TypeError: Cannot read property '__widget' of null", source:  (0)
8월 30, 2021 11:39:17.580 [14320:3036:0830/113917.579:ERROR:CONSOLE(0)] "TypeError: Cannot read property '__widget' of null", source:  (0)
8월 30, 2021 13:34:47.465 [14320:3036:0830/133447.464:ERROR:CONSOLE(0)] "TypeError: Cannot read property '__widget' of null", source:  (0)
8월 30, 2021 14:16:43.73 [14320:3036:0830/141643.073:ERROR:CONSOLE(0)] "TypeError: Cannot read property '__widget' of null", source:  (0)
8월 30, 2021 14:16:43.713 [14320:3036:0830/141643.713:ERROR:CONSOLE(0)] "TypeError: Cannot read property '__widget' of null", source:  (0)
8월 30, 2021 14:45:53.214 [14320:3036:0830/144553.213:ERROR:CONSOLE(0)] "TypeError: Cannot read property '__widget' of null", source:  (0)
8월 30, 2021 15:17:49.85 [14320:3036:0830/151749.084:ERROR:CONSOLE(0)] "TypeError: Cannot read property '__widget' of null", source:  (0)

8월 31, 2021 09:21:10.820 NEW SESSION
8월 31, 2021 09:21:10.820 [17392:4160:0831/092110.813:ERROR:device_event_log_impl.cc(214)] [09:21:10.813] Bluetooth: bluetooth_adapter_winrt.cc:1073 Getting Default Adapter failed.
8월 31, 2021 10:04:55.891 [17392:4160:0831/100455.891:ERROR:device_event_log_impl.cc(214)] [10:04:55.890] USB: usb_service_win.cc:258 Failed to get device driver name: 요소가 없습니다. (0x490)

8월 31, 2021 12:59:13.354 NEW SESSION
8월 31, 2021 12:59:13.354 [5644:5636:0831/125913.353:ERROR:device_event_log_impl.cc(214)] [12:59:13.353] Bluetooth: bluetooth_adapter_winrt.cc:1073 Getting Default Adapter failed.
8월 31, 2021 14:11:18.952 [5644:5636:0831/141118.952:ERROR:device_event_log_impl.cc(214)] [14:11:18.952] USB: usb_service_win.cc:258 Failed to get device driver name: 요소가 없습니다. (0x490)
8월 31, 2021 14:46:15.612 [5644:5636:0831/144615.612:ERROR:device_event_log_impl.cc(214)] [14:46:15.611] USB: usb_service_win.cc:281 SetupDiEnumDeviceInterfaces: 사용 가능한 데이터가 없습니다. (0x103)
8월 31, 2021 15:15:33.229 [5644:5636:0831/151533.229:ERROR:device_event_log_impl.cc(214)] [15:15:33.229] USB: usb_service_win.cc:258 Failed to get device driver name: 요소가 없습니다. (0x490)

8월 31, 2021 17:48:01.210 NEW SESSION
8월 31, 2021 17:48:01.210 [14180:9460:0831/174801.209:ERROR:device_event_log_impl.cc(214)] [17:48:01.208] Bluetooth: bluetooth_adapter_winrt.cc:1073 Getting Default Adapter failed.
8월 31, 2021 18:30:08.892 [14180:9460:0831/183008.892:ERROR:device_event_log_impl.cc(214)] [18:30:08.892] USB: usb_service_win.cc:258 Failed to get device driver name: 요소가 없습니다. (0x490)

9월 02, 2021 09:26:53.88 NEW SESSION
9월 02, 2021 09:26:53.88 [1320:7512:0902/092653.087:ERROR:device_event_log_impl.cc(214)] [09:26:53.088] Bluetooth: bluetooth_adapter_winrt.cc:1073 Getting Default Adapter failed.
9월 02, 2021 11:06:19.231 [1320:7512:0902/110619.230:ERROR:device_event_log_impl.cc(214)] [11:06:19.230] USB: usb_service_win.cc:258 Failed to get device driver name: 요소가 없습니다. (0x490)

9월 05, 2021 21:20:48.572 NEW SESSION
9월 05, 2021 21:20:48.572 [18024:8508:0905/212048.571:ERROR:device_event_log_impl.cc(214)] [21:20:48.571] Bluetooth: bluetooth_adapter_winrt.cc:1073 Getting Default Adapter failed.

9월 09, 2021 09:21:23.642 NEW SESSION
9월 09, 2021 09:21:23.642 [8868:8816:0909/092123.642:ERROR:device_event_log_impl.cc(214)] [09:21:23.642] Bluetooth: bluetooth_adapter_winrt.cc:1073 Getting Default Adapter failed.
9월 09, 2021 22:45:36.724 [8868:8816:0909/224536.724:ERROR:device_event_log_impl.cc(214)] [22:45:36.723] USB: usb_service_win.cc:258 Failed to get device driver name: 요소가 없습니다. (0x490)
9월 10, 2021 17:27:00.461 [8868:8816:0910/172700.460:ERROR:CONSOLE(1)] "Request Runtime.evaluate failed. {"code":-32602,"message":"uniqueContextId not found"}", source: devtools://devtools/bundled/core/protocol_client/protocol_client.js (1)
9월 10, 2021 17:27:00.461 [8868:8816:0910/172700.461:ERROR:CONSOLE(1)] "uniqueContextId not found", source: devtools://devtools/bundled/core/sdk/sdk.js (1)
9월 10, 2021 17:27:00.637 [8868:8816:0910/172700.637:ERROR:CONSOLE(1)] "Error: Call function throws exceptions or returns empty value", source: devtools://devtools/bundled/panels/event_listeners/event_listeners.js (1)
9월 10, 2021 17:27:00.645 [8868:8816:0910/172700.645:ERROR:CONSOLE(1)] "Error: Empty event listener's location", source: devtools://devtools/bundled/panels/event_listeners/event_listeners.js (1)
9월 10, 2021 17:27:00.645 [8868:8816:0910/172700.645:ERROR:CONSOLE(1)] "Error: Empty event listener's location", source: devtools://devtools/bundled/panels/event_listeners/event_listeners.js (1)
9월 10, 2021 17:27:00.645 [8868:8816:0910/172700.645:ERROR:CONSOLE(1)] "Error: Empty event listener's location", source: devtools://devtools/bundled/panels/event_listeners/event_listeners.js (1)
9월 10, 2021 17:27:00.645 [8868:8816:0910/172700.645:ERROR:CONSOLE(1)] "Error: Empty event listener's location", source: devtools://devtools/bundled/panels/event_listeners/event_listeners.js (1)
9월 10, 2021 17:27:00.645 [8868:8816:0910/172700.645:ERROR:CONSOLE(1)] "Error: Empty event listener's location", source: devtools://devtools/bundled/panels/event_listeners/event_listeners.js (1)
9월 10, 2021 17:27:00.646 [8868:8816:0910/172700.645:ERROR:CONSOLE(1)] "Error: Empty event listener's location", source: devtools://devtools/bundled/panels/event_listeners/event_listeners.js (1)
9월 10, 2021 17:27:00.646 [8868:8816:0910/172700.645:ERROR:CONSOLE(1)] "Error: Empty event listener's location", source: devtools://devtools/bundled/panels/event_listeners/event_listeners.js (1)
9월 10, 2021 17:27:00.646 [8868:8816:0910/172700.645:ERROR:CONSOLE(1)] "Error: Empty event listener's location", source: devtools://devtools/bundled/panels/event_listeners/event_listeners.js (1)
9월 10, 2021 17:27:00.646 [8868:8816:0910/172700.645:ERROR:CONSOLE(1)] "Error: Empty event listener's location", source: devtools://devtools/bundled/panels/event_listeners/event_listeners.js (1)
9월 10, 2021 17:27:00.646 [8868:8816:0910/172700.645:ERROR:CONSOLE(1)] "Error: Empty event listener's location", source: devtools://devtools/bundled/panels/event_listeners/event_listeners.js (1)
9월 10, 2021 17:27:00.646 [8868:8816:0910/172700.645:ERROR:CONSOLE(1)] "Error: Empty event listener's location", source: devtools://devtools/bundled/panels/event_listeners/event_listeners.js (1)
9월 10, 2021 17:27:00.646 [8868:8816:0910/172700.645:ERROR:CONSOLE(1)] "Error: Empty event listener's location", source: devtools://devtools/bundled/panels/event_listeners/event_listeners.js (1)
9월 10, 2021 17:27:00.646 [8868:8816:0910/172700.645:ERROR:CONSOLE(1)] "Error: Empty event listener's location", source: devtools://devtools/bundled/panels/event_listeners/event_listeners.js (1)
9월 10, 2021 17:27:00.659 [8868:8816:0910/172700.659:ERROR:CONSOLE(1)] "Error: Empty event listener's location", source: devtools://devtools/bundled/panels/event_listeners/event_listeners.js (1)
9월 10, 2021 17:27:00.659 [8868:8816:0910/172700.659:ERROR:CONSOLE(1)] "Error: Empty event listener's location", source: devtools://devtools/bundled/panels/event_listeners/event_listeners.js (1)
9월 10, 2021 17:27:00.660 [8868:8816:0910/172700.659:ERROR:CONSOLE(1)] "Error: Empty event listener's location", source: devtools://devtools/bundled/panels/event_listeners/event_listeners.js (1)
9월 10, 2021 17:27:00.660 [8868:8816:0910/172700.659:ERROR:CONSOLE(1)] "Error: Empty event listener's location", source: devtools://devtools/bundled/panels/event_listeners/event_listeners.js (1)
9월 10, 2021 17:27:00.660 [8868:8816:0910/172700.659:ERROR:CONSOLE(1)] "Error: Empty event listener's location", source: devtools://devtools/bundled/panels/event_listeners/event_listeners.js (1)
9월 10, 2021 17:27:00.660 [8868:8816:0910/172700.659:ERROR:CONSOLE(1)] "Error: Empty event listener's location", source: devtools://devtools/bundled/panels/event_listeners/event_listeners.js (1)
9월 10, 2021 17:27:00.660 [8868:8816:0910/172700.659:ERROR:CONSOLE(1)] "Error: Empty event listener's location", source: devtools://devtools/bundled/panels/event_listeners/event_listeners.js (1)
9월 10, 2021 17:27:00.660 [8868:8816:0910/172700.659:ERROR:CONSOLE(1)] "Error: Empty event listener's location", source: devtools://devtools/bundled/panels/event_listeners/event_listeners.js (1)
9월 10, 2021 17:27:00.660 [8868:8816:0910/172700.659:ERROR:CONSOLE(1)] "Error: Empty event listener's location", source: devtools://devtools/bundled/panels/event_listeners/event_listeners.js (1)
9월 10, 2021 17:27:00.660 [8868:8816:0910/172700.659:ERROR:CONSOLE(1)] "Error: Empty event listener's location", source: devtools://devtools/bundled/panels/event_listeners/event_listeners.js (1)
9월 10, 2021 17:27:00.661 [8868:8816:0910/172700.659:ERROR:CONSOLE(1)] "Error: Empty event listener's location", source: devtools://devtools/bundled/panels/event_listeners/event_listeners.js (1)
9월 10, 2021 17:27:00.661 [8868:8816:0910/172700.659:ERROR:CONSOLE(1)] "Error: Empty event listener's location", source: devtools://devtools/bundled/panels/event_listeners/event_listeners.js (1)
9월 10, 2021 17:27:00.661 [8868:8816:0910/172700.659:ERROR:CONSOLE(1)] "Error: Empty event listener's location", source: devtools://devtools/bundled/panels/event_listeners/event_listeners.js (1)
9월 10, 2021 17:27:00.661 [8868:8816:0910/172700.659:ERROR:CONSOLE(1)] "Error: Empty event listener's location", source: devtools://devtools/bundled/panels/event_listeners/event_listeners.js (1)
9월 10, 2021 17:27:00.661 [8868:8816:0910/172700.659:ERROR:CONSOLE(1)] "Error: Empty event listener's location", source: devtools://devtools/bundled/panels/event_listeners/event_listeners.js (1)
9월 10, 2021 17:27:00.661 [8868:8816:0910/172700.660:ERROR:CONSOLE(1)] "Error: Empty event listener's location", source: devtools://devtools/bundled/panels/event_listeners/event_listeners.js (1)
9월 10, 2021 17:27:00.661 [8868:8816:0910/172700.660:ERROR:CONSOLE(1)] "Error: Empty event listener's location", source: devtools://devtools/bundled/panels/event_listeners/event_listeners.js (1)
9월 10, 2021 17:27:00.661 [8868:8816:0910/172700.660:ERROR:CONSOLE(1)] "Error: Empty event listener's location", source: devtools://devtools/bundled/panels/event_listeners/event_listeners.js (1)
9월 10, 2021 17:27:00.661 [8868:8816:0910/172700.660:ERROR:CONSOLE(1)] "Error: Empty event listener's location", source: devtools://devtools/bundled/panels/event_listeners/event_listeners.js (1)
9월 10, 2021 17:27:00.662 [8868:8816:0910/172700.660:ERROR:CONSOLE(1)] "Error: Empty event listener's location", source: devtools://devtools/bundled/panels/event_listeners/event_listeners.js (1)
9월 10, 2021 17:27:00.662 [8868:8816:0910/172700.660:ERROR:CONSOLE(1)] "Error: Empty event listener's location", source: devtools://devtools/bundled/panels/event_listeners/event_listeners.js (1)
9월 10, 2021 17:27:00.662 [8868:8816:0910/172700.660:ERROR:CONSOLE(1)] "Error: Empty event listener's location", source: devtools://devtools/bundled/panels/event_listeners/event_listeners.js (1)
9월 10, 2021 17:27:00.662 [8868:8816:0910/172700.660:ERROR:CONSOLE(1)] "Error: Empty event listener's location", source: devtools://devtools/bundled/panels/event_listeners/event_listeners.js (1)
9월 10, 2021 17:27:00.662 [8868:8816:0910/172700.660:ERROR:CONSOLE(1)] "Error: Empty event listener's location", source: devtools://devtools/bundled/panels/event_listeners/event_listeners.js (1)
9월 10, 2021 17:27:00.662 [8868:8816:0910/172700.660:ERROR:CONSOLE(1)] "Error: Empty event listener's location", source: devtools://devtools/bundled/panels/event_listeners/event_listeners.js (1)
9월 10, 2021 17:27:00.662 [8868:8816:0910/172700.660:ERROR:CONSOLE(1)] "Error: Empty event listener's location", source: devtools://devtools/bundled/panels/event_listeners/event_listeners.js (1)
9월 10, 2021 17:27:00.662 [8868:8816:0910/172700.660:ERROR:CONSOLE(1)] "Error: Empty event listener's location", source: devtools://devtools/bundled/panels/event_listeners/event_listeners.js (1)
9월 10, 2021 17:27:00.662 [8868:8816:0910/172700.660:ERROR:CONSOLE(1)] "Error: Empty event listener's location", source: devtools://devtools/bundled/panels/event_listeners/event_listeners.js (1)
9월 10, 2021 17:27:00.663 [8868:8816:0910/172700.660:ERROR:CONSOLE(1)] "Error: Empty event listener's location", source: devtools://devtools/bundled/panels/event_listeners/event_listeners.js (1)
9월 10, 2021 17:27:00.663 [8868:8816:0910/172700.660:ERROR:CONSOLE(1)] "Error: Empty event listener's location", source: devtools://devtools/bundled/panels/event_listeners/event_listeners.js (1)
9월 10, 2021 17:27:00.787 [8868:8816:0910/172700.787:ERROR:CONSOLE(1)] "Error: Exception in callFunction or result value is empty", source: devtools://devtools/bundled/panels/event_listeners/event_listeners.js (1)
9월 10, 2021 17:27:02.46 [8868:8816:0910/172702.046:ERROR:CONSOLE(1)] "Request Runtime.evaluate failed. {"code":-32602,"message":"uniqueContextId not found"}", source: devtools://devtools/bundled/core/protocol_client/protocol_client.js (1)
9월 10, 2021 17:27:02.46 [8868:8816:0910/172702.046:ERROR:CONSOLE(1)] "uniqueContextId not found", source: devtools://devtools/bundled/core/sdk/sdk.js (1)
9월 10, 2021 17:27:06.339 [8868:8816:0910/172706.339:ERROR:CONSOLE(1)] "Error: Object properties is empty", source: devtools://devtools/bundled/panels/event_listeners/event_listeners.js (1)
9월 10, 2021 17:27:06.340 [8868:8816:0910/172706.340:ERROR:CONSOLE(1)] "Error: Exception in callFunction or result value is empty", source: devtools://devtools/bundled/panels/event_listeners/event_listeners.js (1)
9월 10, 2021 17:27:07.41 [8868:8816:0910/172707.041:ERROR:CONSOLE(1)] "Request Runtime.evaluate failed. {"code":-32602,"message":"uniqueContextId not found"}", source: devtools://devtools/bundled/core/protocol_client/protocol_client.js (1)
9월 10, 2021 17:27:07.41 [8868:8816:0910/172707.041:ERROR:CONSOLE(1)] "uniqueContextId not found", source: devtools://devtools/bundled/core/sdk/sdk.js (1)
9월 10, 2021 17:27:07.264 [8868:8816:0910/172707.263:ERROR:CONSOLE(1)] "Request Runtime.evaluate failed. {"code":-32602,"message":"uniqueContextId not found"}", source: devtools://devtools/bundled/core/protocol_client/protocol_client.js (1)
9월 10, 2021 17:27:07.264 [8868:8816:0910/172707.263:ERROR:CONSOLE(1)] "uniqueContextId not found", source: devtools://devtools/bundled/core/sdk/sdk.js (1)
9월 10, 2021 17:27:40.721 [8868:8816:0910/172740.721:ERROR:CONSOLE(1)] "Error: Call function throws exceptions or returns empty value", source: devtools://devtools/bundled/panels/event_listeners/event_listeners.js (1)
9월 10, 2021 17:27:40.725 [8868:8816:0910/172740.725:ERROR:CONSOLE(1)] "Error: Empty event listener's location", source: devtools://devtools/bundled/panels/event_listeners/event_listeners.js (1)
9월 10, 2021 17:27:40.780 [8868:8816:0910/172740.780:ERROR:CONSOLE(1)] "Error: Empty event listener's location", source: devtools://devtools/bundled/panels/event_listeners/event_listeners.js (1)
9월 10, 2021 17:27:40.781 [8868:8816:0910/172740.780:ERROR:CONSOLE(1)] "Error: Empty event listener's location", source: devtools://devtools/bundled/panels/event_listeners/event_listeners.js (1)
9월 10, 2021 17:27:40.781 [8868:8816:0910/172740.780:ERROR:CONSOLE(1)] "Error: Empty event listener's location", source: devtools://devtools/bundled/panels/event_listeners/event_listeners.js (1)
9월 10, 2021 17:27:40.781 [8868:8816:0910/172740.780:ERROR:CONSOLE(1)] "Error: Empty event listener's location", source: devtools://devtools/bundled/panels/event_listeners/event_listeners.js (1)
9월 10, 2021 17:27:40.781 [8868:8816:0910/172740.780:ERROR:CONSOLE(1)] "Error: Empty event listener's location", source: devtools://devtools/bundled/panels/event_listeners/event_listeners.js (1)
9월 10, 2021 17:27:40.781 [8868:8816:0910/172740.780:ERROR:CONSOLE(1)] "Error: Empty event listener's location", source: devtools://devtools/bundled/panels/event_listeners/event_listeners.js (1)
9월 10, 2021 17:27:40.781 [8868:8816:0910/172740.780:ERROR:CONSOLE(1)] "Error: Empty event listener's location", source: devtools://devtools/bundled/panels/event_listeners/event_listeners.js (1)
9월 10, 2021 17:27:40.782 [8868:8816:0910/172740.780:ERROR:CONSOLE(1)] "Error: Empty event listener's location", source: devtools://devtools/bundled/panels/event_listeners/event_listeners.js (1)
9월 10, 2021 17:27:40.782 [8868:8816:0910/172740.780:ERROR:CONSOLE(1)] "Error: Empty event listener's location", source: devtools://devtools/bundled/panels/event_listeners/event_listeners.js (1)
9월 10, 2021 17:27:40.782 [8868:8816:0910/172740.780:ERROR:CONSOLE(1)] "Error: Empty event listener's location", source: devtools://devtools/bundled/panels/event_listeners/event_listeners.js (1)
9월 10, 2021 17:27:40.782 [8868:8816:0910/172740.780:ERROR:CONSOLE(1)] "Error: Empty event listener's location", source: devtools://devtools/bundled/panels/event_listeners/event_listeners.js (1)
9월 10, 2021 17:27:40.782 [8868:8816:0910/172740.781:ERROR:CONSOLE(1)] "Error: Empty event listener's location", source: devtools://devtools/bundled/panels/event_listeners/event_listeners.js (1)
9월 10, 2021 17:27:40.782 [8868:8816:0910/172740.781:ERROR:CONSOLE(1)] "Error: Empty event listener's location", source: devtools://devtools/bundled/panels/event_listeners/event_listeners.js (1)
9월 10, 2021 17:27:40.783 [8868:8816:0910/172740.781:ERROR:CONSOLE(1)] "Error: Empty event listener's location", source: devtools://devtools/bundled/panels/event_listeners/event_listeners.js (1)
9월 10, 2021 17:27:42.248 [8868:8816:0910/172742.248:ERROR:CONSOLE(1)] "Error: Call function throws exceptions or returns empty value", source: devtools://devtools/bundled/panels/event_listeners/event_listeners.js (1)
9월 10, 2021 17:27:42.260 [8868:8816:0910/172742.260:ERROR:CONSOLE(1)] "Error: Empty event listener's location", source: devtools://devtools/bundled/panels/event_listeners/event_listeners.js (1)
9월 10, 2021 17:27:42.260 [8868:8816:0910/172742.260:ERROR:CONSOLE(1)] "Error: Empty event listener's location", source: devtools://devtools/bundled/panels/event_listeners/event_listeners.js (1)
9월 10, 2021 17:27:42.261 [8868:8816:0910/172742.260:ERROR:CONSOLE(1)] "Error: Empty event listener's location", source: devtools://devtools/bundled/panels/event_listeners/event_listeners.js (1)
9월 10, 2021 17:27:42.261 [8868:8816:0910/172742.260:ERROR:CONSOLE(1)] "Error: Empty event listener's location", source: devtools://devtools/bundled/panels/event_listeners/event_listeners.js (1)
9월 10, 2021 17:27:42.261 [8868:8816:0910/172742.260:ERROR:CONSOLE(1)] "Error: Empty event listener's location", source: devtools://devtools/bundled/panels/event_listeners/event_listeners.js (1)
9월 10, 2021 17:27:42.261 [8868:8816:0910/172742.260:ERROR:CONSOLE(1)] "Error: Empty event listener's location", source: devtools://devtools/bundled/panels/event_listeners/event_listeners.js (1)
9월 10, 2021 17:27:42.261 [8868:8816:0910/172742.260:ERROR:CONSOLE(1)] "Error: Empty event listener's location", source: devtools://devtools/bundled/panels/event_listeners/event_listeners.js (1)
9월 10, 2021 17:27:42.261 [8868:8816:0910/172742.260:ERROR:CONSOLE(1)] "Error: Empty event listener's location", source: devtools://devtools/bundled/panels/event_listeners/event_listeners.js (1)
9월 10, 2021 17:27:42.262 [8868:8816:0910/172742.260:ERROR:CONSOLE(1)] "Error: Empty event listener's location", source: devtools://devtools/bundled/panels/event_listeners/event_listeners.js (1)
9월 10, 2021 17:27:42.262 [8868:8816:0910/172742.260:ERROR:CONSOLE(1)] "Error: Empty event listener's location", source: devtools://devtools/bundled/panels/event_listeners/event_listeners.js (1)
9월 10, 2021 17:27:42.262 [8868:8816:0910/172742.260:ERROR:CONSOLE(1)] "Error: Empty event listener's location", source: devtools://devtools/bundled/panels/event_listeners/event_listeners.js (1)
9월 10, 2021 17:27:42.262 [8868:8816:0910/172742.260:ERROR:CONSOLE(1)] "Error: Empty event listener's location", source: devtools://devtools/bundled/panels/event_listeners/event_listeners.js (1)
9월 10, 2021 17:27:42.262 [8868:8816:0910/172742.261:ERROR:CONSOLE(1)] "Error: Empty event listener's location", source: devtools://devtools/bundled/panels/event_listeners/event_listeners.js (1)
9월 10, 2021 17:27:42.262 [8868:8816:0910/172742.261:ERROR:CONSOLE(1)] "Error: Empty event listener's location", source: devtools://devtools/bundled/panels/event_listeners/event_listeners.js (1)
9월 10, 2021 17:27:42.262 [8868:8816:0910/172742.261:ERROR:CONSOLE(1)] "Error: Empty event listener's location", source: devtools://devtools/bundled/panels/event_listeners/event_listeners.js (1)
9월 10, 2021 17:27:42.963 [8868:8816:0910/172742.962:ERROR:CONSOLE(1)] "Request Runtime.evaluate failed. {"code":-32602,"message":"uniqueContextId not found"}", source: devtools://devtools/bundled/core/protocol_client/protocol_client.js (1)
9월 10, 2021 17:27:42.963 [8868:8816:0910/172742.963:ERROR:CONSOLE(1)] "uniqueContextId not found", source: devtools://devtools/bundled/core/sdk/sdk.js (1)
9월 10, 2021 17:27:44.539 [8868:8816:0910/172744.539:ERROR:CONSOLE(1)] "Request Runtime.evaluate failed. {"code":-32602,"message":"uniqueContextId not found"}", source: devtools://devtools/bundled/core/protocol_client/protocol_client.js (1)
9월 10, 2021 17:27:44.539 [8868:8816:0910/172744.539:ERROR:CONSOLE(1)] "uniqueContextId not found", source: devtools://devtools/bundled/core/sdk/sdk.js (1)
9월 10, 2021 17:27:58.399 [8868:8816:0910/172758.399:ERROR:CONSOLE(1)] "Error: Call function throws exceptions or returns empty value", source: devtools://devtools/bundled/panels/event_listeners/event_listeners.js (1)
9월 10, 2021 17:27:58.402 [8868:8816:0910/172758.401:ERROR:CONSOLE(1)] "Error: Empty event listener's location", source: devtools://devtools/bundled/panels/event_listeners/event_listeners.js (1)
9월 10, 2021 17:27:58.402 [8868:8816:0910/172758.401:ERROR:CONSOLE(1)] "Error: Empty event listener's location", source: devtools://devtools/bundled/panels/event_listeners/event_listeners.js (1)
9월 10, 2021 17:27:58.402 [8868:8816:0910/172758.402:ERROR:CONSOLE(1)] "Error: Empty event listener's location", source: devtools://devtools/bundled/panels/event_listeners/event_listeners.js (1)
9월 10, 2021 17:27:58.402 [8868:8816:0910/172758.402:ERROR:CONSOLE(1)] "Error: Empty event listener's location", source: devtools://devtools/bundled/panels/event_listeners/event_listeners.js (1)
9월 10, 2021 17:27:58.402 [8868:8816:0910/172758.402:ERROR:CONSOLE(1)] "Error: Empty event listener's location", source: devtools://devtools/bundled/panels/event_listeners/event_listeners.js (1)
9월 10, 2021 17:27:58.402 [8868:8816:0910/172758.402:ERROR:CONSOLE(1)] "Error: Empty event listener's location", source: devtools://devtools/bundled/panels/event_listeners/event_listeners.js (1)
9월 10, 2021 17:27:58.411 [8868:8816:0910/172758.411:ERROR:CONSOLE(1)] "Error: Empty event listener's location", source: devtools://devtools/bundled/panels/event_listeners/event_listeners.js (1)
9월 10, 2021 17:27:58.411 [8868:8816:0910/172758.411:ERROR:CONSOLE(1)] "Error: Empty event listener's location", source: devtools://devtools/bundled/panels/event_listeners/event_listeners.js (1)
9월 10, 2021 17:27:58.411 [8868:8816:0910/172758.411:ERROR:CONSOLE(1)] "Error: Empty event listener's location", source: devtools://devtools/bundled/panels/event_listeners/event_listeners.js (1)
9월 10, 2021 17:27:58.411 [8868:8816:0910/172758.411:ERROR:CONSOLE(1)] "Error: Empty event listener's location", source: devtools://devtools/bundled/panels/event_listeners/event_listeners.js (1)
9월 10, 2021 17:27:58.411 [8868:8816:0910/172758.411:ERROR:CONSOLE(1)] "Error: Empty event listener's location", source: devtools://devtools/bundled/panels/event_listeners/event_listeners.js (1)
9월 10, 2021 17:27:58.412 [8868:8816:0910/172758.411:ERROR:CONSOLE(1)] "Error: Empty event listener's location", source: devtools://devtools/bundled/panels/event_listeners/event_listeners.js (1)
9월 10, 2021 17:27:58.412 [8868:8816:0910/172758.411:ERROR:CONSOLE(1)] "Error: Empty event listener's location", source: devtools://devtools/bundled/panels/event_listeners/event_listeners.js (1)
9월 10, 2021 17:27:58.412 [8868:8816:0910/172758.411:ERROR:CONSOLE(1)] "Error: Empty event listener's location", source: devtools://devtools/bundled/panels/event_listeners/event_listeners.js (1)
9월 10, 2021 17:27:58.412 [8868:8816:0910/172758.411:ERROR:CONSOLE(1)] "Error: Empty event listener's location", source: devtools://devtools/bundled/panels/event_listeners/event_listeners.js (1)
9월 10, 2021 17:28:00.163 [8868:8816:0910/172800.163:ERROR:CONSOLE(1)] "Error: Empty event listener's location", source: devtools://devtools/bundled/panels/event_listeners/event_listeners.js (1)
9월 10, 2021 17:28:00.163 [8868:8816:0910/172800.163:ERROR:CONSOLE(1)] "Error: Empty event listener's location", source: devtools://devtools/bundled/panels/event_listeners/event_listeners.js (1)
9월 10, 2021 17:28:00.178 [8868:8816:0910/172800.178:ERROR:CONSOLE(0)] "TypeError: Cannot read properties of null (reading '0')", source:  (0)
9월 10, 2021 17:28:00.327 [8868:8816:0910/172800.327:ERROR:CONSOLE(0)] "TypeError: Cannot read properties of null (reading '0')", source:  (0)
9월 10, 2021 17:44:14.318 [8868:8816:0910/174414.317:ERROR:CONSOLE(1)] "Error: Call function throws exceptions or returns empty value", source: devtools://devtools/bundled/panels/event_listeners/event_listeners.js (1)
9월 10, 2021 17:44:14.320 [8868:8816:0910/174414.320:ERROR:CONSOLE(1)] "Error: Empty event listener's location", source: devtools://devtools/bundled/panels/event_listeners/event_listeners.js (1)
9월 10, 2021 17:44:14.320 [8868:8816:0910/174414.320:ERROR:CONSOLE(1)] "Error: Empty event listener's location", source: devtools://devtools/bundled/panels/event_listeners/event_listeners.js (1)
9월 10, 2021 17:44:14.321 [8868:8816:0910/174414.320:ERROR:CONSOLE(1)] "Error: Empty event listener's location", source: devtools://devtools/bundled/panels/event_listeners/event_listeners.js (1)
9월 10, 2021 17:44:14.321 [8868:8816:0910/174414.320:ERROR:CONSOLE(1)] "Error: Empty event listener's location", source: devtools://devtools/bundled/panels/event_listeners/event_listeners.js (1)
9월 10, 2021 17:44:14.321 [8868:8816:0910/174414.320:ERROR:CONSOLE(1)] "Error: Empty event listener's location", source: devtools://devtools/bundled/panels/event_listeners/event_listeners.js (1)
9월 10, 2021 17:44:14.321 [8868:8816:0910/174414.320:ERROR:CONSOLE(1)] "Error: Empty event listener's location", source: devtools://devtools/bundled/panels/event_listeners/event_listeners.js (1)
9월 10, 2021 17:44:14.321 [8868:8816:0910/174414.320:ERROR:CONSOLE(1)] "Error: Empty event listener's location", source: devtools://devtools/bundled/panels/event_listeners/event_listeners.js (1)
9월 10, 2021 17:44:14.322 [8868:8816:0910/174414.320:ERROR:CONSOLE(1)] "Error: Empty event listener's location", source: devtools://devtools/bundled/panels/event_listeners/event_listeners.js (1)
9월 10, 2021 17:44:14.322 [8868:8816:0910/174414.320:ERROR:CONSOLE(1)] "Error: Empty event listener's location", source: devtools://devtools/bundled/panels/event_listeners/event_listeners.js (1)
9월 10, 2021 17:44:14.322 [8868:8816:0910/174414.320:ERROR:CONSOLE(1)] "Error: Empty event listener's location", source: devtools://devtools/bundled/panels/event_listeners/event_listeners.js (1)
9월 10, 2021 17:44:14.322 [8868:8816:0910/174414.320:ERROR:CONSOLE(1)] "Error: Empty event listener's location", source: devtools://devtools/bundled/panels/event_listeners/event_listeners.js (1)
9월 10, 2021 17:44:14.322 [8868:8816:0910/174414.321:ERROR:CONSOLE(1)] "Error: Empty event listener's location", source: devtools://devtools/bundled/panels/event_listeners/event_listeners.js (1)
9월 10, 2021 17:44:14.322 [8868:8816:0910/174414.321:ERROR:CONSOLE(1)] "Error: Empty event listener's location", source: devtools://devtools/bundled/panels/event_listeners/event_listeners.js (1)
9월 10, 2021 17:44:14.323 [8868:8816:0910/174414.321:ERROR:CONSOLE(1)] "Error: Empty event listener's location", source: devtools://devtools/bundled/panels/event_listeners/event_listeners.js (1)
9월 10, 2021 17:44:14.323 [8868:8816:0910/174414.321:ERROR:CONSOLE(1)] "Error: Empty event listener's location", source: devtools://devtools/bundled/panels/event_listeners/event_listeners.js (1)
9월 10, 2021 17:44:14.323 [8868:8816:0910/174414.321:ERROR:CONSOLE(1)] "Error: Empty event listener's location", source: devtools://devtools/bundled/panels/event_listeners/event_listeners.js (1)
9월 10, 2021 17:44:14.323 [8868:8816:0910/174414.321:ERROR:CONSOLE(1)] "Error: Empty event listener's location", source: devtools://devtools/bundled/panels/event_listeners/event_listeners.js (1)
9월 10, 2021 17:44:14.323 [8868:8816:0910/174414.321:ERROR:CONSOLE(1)] "Error: Empty event listener's location", source: devtools://devtools/bundled/panels/event_listeners/event_listeners.js (1)
9월 10, 2021 17:44:14.323 [8868:8816:0910/174414.321:ERROR:CONSOLE(1)] "Error: Empty event listener's location", source: devtools://devtools/bundled/panels/event_listeners/event_listeners.js (1)
9월 10, 2021 17:44:14.324 [8868:8816:0910/174414.322:ERROR:CONSOLE(1)] "Error: Empty event listener's location", source: devtools://devtools/bundled/panels/event_listeners/event_listeners.js (1)
9월 10, 2021 17:44:14.324 [8868:8816:0910/174414.322:ERROR:CONSOLE(1)] "Error: Empty event listener's location", source: devtools://devtools/bundled/panels/event_listeners/event_listeners.js (1)
9월 10, 2021 17:44:14.324 [8868:8816:0910/174414.322:ERROR:CONSOLE(1)] "Error: Empty event listener's location", source: devtools://devtools/bundled/panels/event_listeners/event_listeners.js (1)
9월 10, 2021 17:44:14.324 [8868:8816:0910/174414.322:ERROR:CONSOLE(1)] "Error: Empty event listener's location", source: devtools://devtools/bundled/panels/event_listeners/event_listeners.js (1)
9월 10, 2021 17:44:14.324 [8868:8816:0910/174414.322:ERROR:CONSOLE(1)] "Error: Empty event listener's location", source: devtools://devtools/bundled/panels/event_listeners/event_listeners.js (1)
9월 10, 2021 17:44:14.324 [8868:8816:0910/174414.322:ERROR:CONSOLE(1)] "Error: Empty event listener's location", source: devtools://devtools/bundled/panels/event_listeners/event_listeners.js (1)
9월 10, 2021 17:44:14.324 [8868:8816:0910/174414.322:ERROR:CONSOLE(1)] "Error: Empty event listener's location", source: devtools://devtools/bundled/panels/event_listeners/event_listeners.js (1)
9월 10, 2021 17:44:14.325 [8868:8816:0910/174414.322:ERROR:CONSOLE(1)] "Error: Empty event listener's location", source: devtools://devtools/bundled/panels/event_listeners/event_listeners.js (1)
9월 10, 2021 17:44:14.325 [8868:8816:0910/174414.322:ERROR:CONSOLE(1)] "Error: Empty event listener's location", source: devtools://devtools/bundled/panels/event_listeners/event_listeners.js (1)
9월 10, 2021 17:44:14.325 [8868:8816:0910/174414.322:ERROR:CONSOLE(1)] "Error: Empty event listener's location", source: devtools://devtools/bundled/panels/event_listeners/event_listeners.js (1)
9월 10, 2021 17:44:14.325 [8868:8816:0910/174414.322:ERROR:CONSOLE(1)] "Error: Empty event listener's location", source: devtools://devtools/bundled/panels/event_listeners/event_listeners.js (1)
9월 10, 2021 17:44:14.325 [8868:8816:0910/174414.322:ERROR:CONSOLE(1)] "Error: Empty event listener's location", source: devtools://devtools/bundled/panels/event_listeners/event_listeners.js (1)
9월 10, 2021 17:44:14.325 [8868:8816:0910/174414.322:ERROR:CONSOLE(1)] "Error: Empty event listener's location", source: devtools://devtools/bundled/panels/event_listeners/event_listeners.js (1)
9월 10, 2021 17:44:14.326 [8868:8816:0910/174414.322:ERROR:CONSOLE(1)] "Error: Empty event listener's location", source: devtools://devtools/bundled/panels/event_listeners/event_listeners.js (1)
9월 10, 2021 17:44:14.326 [8868:8816:0910/174414.322:ERROR:CONSOLE(1)] "Error: Empty event listener's location", source: devtools://devtools/bundled/panels/event_listeners/event_listeners.js (1)
9월 10, 2021 17:44:14.326 [8868:8816:0910/174414.322:ERROR:CONSOLE(1)] "Error: Empty event listener's location", source: devtools://devtools/bundled/panels/event_listeners/event_listeners.js (1)
9월 10, 2021 17:44:14.326 [8868:8816:0910/174414.322:ERROR:CONSOLE(1)] "Error: Empty event listener's location", source: devtools://devtools/bundled/panels/event_listeners/event_listeners.js (1)
9월 10, 2021 17:44:14.326 [8868:8816:0910/174414.322:ERROR:CONSOLE(1)] "Error: Empty event listener's location", source: devtools://devtools/bundled/panels/event_listeners/event_listeners.js (1)
9월 10, 2021 17:44:14.326 [8868:8816:0910/174414.322:ERROR:CONSOLE(1)] "Error: Empty event listener's location", source: devtools://devtools/bundled/panels/event_listeners/event_listeners.js (1)
9월 10, 2021 17:44:14.327 [8868:8816:0910/174414.322:ERROR:CONSOLE(1)] "Error: Empty event listener's location", source: devtools://devtools/bundled/panels/event_listeners/event_listeners.js (1)
9월 10, 2021 17:44:14.327 [8868:8816:0910/174414.322:ERROR:CONSOLE(1)] "Error: Empty event listener's location", source: devtools://devtools/bundled/panels/event_listeners/event_listeners.js (1)
9월 10, 2021 17:44:14.327 [8868:8816:0910/174414.322:ERROR:CONSOLE(1)] "Error: Empty event listener's location", source: devtools://devtools/bundled/panels/event_listeners/event_listeners.js (1)
9월 10, 2021 17:44:14.327 [8868:8816:0910/174414.322:ERROR:CONSOLE(1)] "Error: Empty event listener's location", source: devtools://devtools/bundled/panels/event_listeners/event_listeners.js (1)
9월 10, 2021 17:44:14.327 [8868:8816:0910/174414.322:ERROR:CONSOLE(1)] "Error: Empty event listener's location", source: devtools://devtools/bundled/panels/event_listeners/event_listeners.js (1)
9월 10, 2021 17:44:15.258 [8868:8816:0910/174415.258:ERROR:CONSOLE(1)] "Error: Exception in callFunction or empty result", source: devtools://devtools/bundled/panels/event_listeners/event_listeners.js (1)
9월 10, 2021 17:44:15.259 [8868:8816:0910/174415.258:ERROR:CONSOLE(1)] "TypeError: Cannot read properties of null (reading 'type')", source: devtools://devtools/bundled/panels/event_listeners/event_listeners.js (1)
9월 10, 2021 17:44:15.259 [8868:8816:0910/174415.258:ERROR:CONSOLE(1)] "TypeError: Cannot read properties of null (reading 'type')", source: devtools://devtools/bundled/panels/event_listeners/event_listeners.js (1)
9월 10, 2021 17:44:15.259 [8868:8816:0910/174415.258:ERROR:CONSOLE(1)] "TypeError: Cannot read properties of null (reading 'type')", source: devtools://devtools/bundled/panels/event_listeners/event_listeners.js (1)
9월 10, 2021 17:44:15.259 [8868:8816:0910/174415.258:ERROR:CONSOLE(1)] "TypeError: Cannot read properties of null (reading 'type')", source: devtools://devtools/bundled/panels/event_listeners/event_listeners.js (1)
9월 10, 2021 17:44:15.259 [8868:8816:0910/174415.259:ERROR:CONSOLE(1)] "TypeError: Cannot read properties of null (reading 'type')", source: devtools://devtools/bundled/panels/event_listeners/event_listeners.js (1)
9월 10, 2021 17:44:15.259 [8868:8816:0910/174415.259:ERROR:CONSOLE(1)] "TypeError: Cannot read properties of null (reading 'type')", source: devtools://devtools/bundled/panels/event_listeners/event_listeners.js (1)
9월 10, 2021 17:44:15.260 [8868:8816:0910/174415.259:ERROR:CONSOLE(1)] "TypeError: Cannot read properties of null (reading 'type')", source: devtools://devtools/bundled/panels/event_listeners/event_listeners.js (1)
9월 10, 2021 17:44:15.260 [8868:8816:0910/174415.259:ERROR:CONSOLE(1)] "TypeError: Cannot read properties of null (reading 'type')", source: devtools://devtools/bundled/panels/event_listeners/event_listeners.js (1)
9월 10, 2021 17:44:15.260 [8868:8816:0910/174415.259:ERROR:CONSOLE(1)] "TypeError: Cannot read properties of null (reading 'type')", source: devtools://devtools/bundled/panels/event_listeners/event_listeners.js (1)
9월 10, 2021 17:44:15.260 [8868:8816:0910/174415.259:ERROR:CONSOLE(1)] "TypeError: Cannot read properties of null (reading 'type')", source: devtools://devtools/bundled/panels/event_listeners/event_listeners.js (1)
9월 10, 2021 17:44:15.260 [8868:8816:0910/174415.259:ERROR:CONSOLE(1)] "TypeError: Cannot read properties of null (reading 'type')", source: devtools://devtools/bundled/panels/event_listeners/event_listeners.js (1)
9월 10, 2021 17:44:15.260 [8868:8816:0910/174415.259:ERROR:CONSOLE(1)] "TypeError: Cannot read properties of null (reading 'type')", source: devtools://devtools/bundled/panels/event_listeners/event_listeners.js (1)
9월 10, 2021 17:44:15.261 [8868:8816:0910/174415.259:ERROR:CONSOLE(1)] "TypeError: Cannot read properties of null (reading 'type')", source: devtools://devtools/bundled/panels/event_listeners/event_listeners.js (1)
9월 10, 2021 17:44:15.261 [8868:8816:0910/174415.260:ERROR:CONSOLE(1)] "TypeError: Cannot read properties of null (reading 'type')", source: devtools://devtools/bundled/panels/event_listeners/event_listeners.js (1)
9월 10, 2021 17:44:15.261 [8868:8816:0910/174415.260:ERROR:CONSOLE(1)] "TypeError: Cannot read properties of null (reading 'type')", source: devtools://devtools/bundled/panels/event_listeners/event_listeners.js (1)
9월 10, 2021 17:44:15.261 [8868:8816:0910/174415.260:ERROR:CONSOLE(1)] "TypeError: Cannot read properties of null (reading 'type')", source: devtools://devtools/bundled/panels/event_listeners/event_listeners.js (1)
9월 10, 2021 17:44:15.261 [8868:8816:0910/174415.260:ERROR:CONSOLE(1)] "TypeError: Cannot read properties of null (reading 'type')", source: devtools://devtools/bundled/panels/event_listeners/event_listeners.js (1)
9월 10, 2021 17:44:15.261 [8868:8816:0910/174415.260:ERROR:CONSOLE(1)] "TypeError: Cannot read properties of null (reading 'type')", source: devtools://devtools/bundled/panels/event_listeners/event_listeners.js (1)
9월 10, 2021 17:44:15.261 [8868:8816:0910/174415.260:ERROR:CONSOLE(1)] "TypeError: Cannot read properties of null (reading 'type')", source: devtools://devtools/bundled/panels/event_listeners/event_listeners.js (1)
9월 10, 2021 17:44:15.262 [8868:8816:0910/174415.260:ERROR:CONSOLE(1)] "TypeError: Cannot read properties of null (reading 'type')", source: devtools://devtools/bundled/panels/event_listeners/event_listeners.js (1)
9월 10, 2021 17:44:15.262 [8868:8816:0910/174415.260:ERROR:CONSOLE(1)] "TypeError: Cannot read properties of null (reading 'type')", source: devtools://devtools/bundled/panels/event_listeners/event_listeners.js (1)
9월 10, 2021 17:44:15.262 [8868:8816:0910/174415.260:ERROR:CONSOLE(1)] "TypeError: Cannot read properties of null (reading 'type')", source: devtools://devtools/bundled/panels/event_listeners/event_listeners.js (1)
9월 10, 2021 17:44:15.262 [8868:8816:0910/174415.260:ERROR:CONSOLE(1)] "TypeError: Cannot read properties of null (reading 'type')", source: devtools://devtools/bundled/panels/event_listeners/event_listeners.js (1)
9월 10, 2021 17:44:15.262 [8868:8816:0910/174415.260:ERROR:CONSOLE(1)] "TypeError: Cannot read properties of null (reading 'type')", source: devtools://devtools/bundled/panels/event_listeners/event_listeners.js (1)
9월 10, 2021 17:44:15.262 [8868:8816:0910/174415.260:ERROR:CONSOLE(1)] "TypeError: Cannot read properties of null (reading 'type')", source: devtools://devtools/bundled/panels/event_listeners/event_listeners.js (1)
9월 10, 2021 17:44:15.262 [8868:8816:0910/174415.260:ERROR:CONSOLE(1)] "TypeError: Cannot read properties of null (reading 'type')", source: devtools://devtools/bundled/panels/event_listeners/event_listeners.js (1)
9월 10, 2021 17:44:15.262 [8868:8816:0910/174415.261:ERROR:CONSOLE(1)] "TypeError: Cannot read properties of null (reading 'type')", source: devtools://devtools/bundled/panels/event_listeners/event_listeners.js (1)
9월 10, 2021 17:44:15.263 [8868:8816:0910/174415.261:ERROR:CONSOLE(1)] "TypeError: Cannot read properties of null (reading 'type')", source: devtools://devtools/bundled/panels/event_listeners/event_listeners.js (1)
9월 10, 2021 17:44:15.263 [8868:8816:0910/174415.261:ERROR:CONSOLE(1)] "TypeError: Cannot read properties of null (reading 'type')", source: devtools://devtools/bundled/panels/event_listeners/event_listeners.js (1)
9월 10, 2021 17:44:15.263 [8868:8816:0910/174415.261:ERROR:CONSOLE(1)] "TypeError: Cannot read properties of null (reading 'type')", source: devtools://devtools/bundled/panels/event_listeners/event_listeners.js (1)
9월 10, 2021 17:44:15.263 [8868:8816:0910/174415.261:ERROR:CONSOLE(1)] "TypeError: Cannot read properties of null (reading 'type')", source: devtools://devtools/bundled/panels/event_listeners/event_listeners.js (1)
9월 10, 2021 17:44:15.263 [8868:8816:0910/174415.261:ERROR:CONSOLE(1)] "TypeError: Cannot read properties of null (reading 'type')", source: devtools://devtools/bundled/panels/event_listeners/event_listeners.js (1)
9월 10, 2021 17:44:15.263 [8868:8816:0910/174415.261:ERROR:CONSOLE(1)] "TypeError: Cannot read properties of null (reading 'type')", source: devtools://devtools/bundled/panels/event_listeners/event_listeners.js (1)
9월 10, 2021 17:44:15.263 [8868:8816:0910/174415.261:ERROR:CONSOLE(1)] "TypeError: Cannot read properties of null (reading 'type')", source: devtools://devtools/bundled/panels/event_listeners/event_listeners.js (1)
9월 10, 2021 17:44:15.263 [8868:8816:0910/174415.261:ERROR:CONSOLE(1)] "TypeError: Cannot read properties of null (reading 'type')", source: devtools://devtools/bundled/panels/event_listeners/event_listeners.js (1)
9월 10, 2021 17:44:15.274 [8868:8816:0910/174415.274:ERROR:CONSOLE(1)] "Error: Call function throws exceptions or returns empty value", source: devtools://devtools/bundled/panels/event_listeners/event_listeners.js (1)
9월 10, 2021 17:44:15.276 [8868:8816:0910/174415.276:ERROR:CONSOLE(1)] "Error: Empty event listener's location", source: devtools://devtools/bundled/panels/event_listeners/event_listeners.js (1)
9월 10, 2021 17:44:15.277 [8868:8816:0910/174415.276:ERROR:CONSOLE(1)] "Error: Empty event listener's location", source: devtools://devtools/bundled/panels/event_listeners/event_listeners.js (1)
9월 10, 2021 17:44:15.277 [8868:8816:0910/174415.276:ERROR:CONSOLE(1)] "Error: Empty event listener's location", source: devtools://devtools/bundled/panels/event_listeners/event_listeners.js (1)
9월 10, 2021 17:44:15.277 [8868:8816:0910/174415.276:ERROR:CONSOLE(1)] "Error: Empty event listener's location", source: devtools://devtools/bundled/panels/event_listeners/event_listeners.js (1)
9월 10, 2021 17:44:15.277 [8868:8816:0910/174415.276:ERROR:CONSOLE(1)] "Error: Empty event listener's location", source: devtools://devtools/bundled/panels/event_listeners/event_listeners.js (1)
9월 10, 2021 17:44:15.277 [8868:8816:0910/174415.276:ERROR:CONSOLE(1)] "Error: Empty event listener's location", source: devtools://devtools/bundled/panels/event_listeners/event_listeners.js (1)
9월 10, 2021 17:44:15.277 [8868:8816:0910/174415.276:ERROR:CONSOLE(1)] "Error: Empty event listener's location", source: devtools://devtools/bundled/panels/event_listeners/event_listeners.js (1)
9월 10, 2021 17:44:15.949 [8868:8816:0910/174415.949:ERROR:CONSOLE(1)] "TypeError: Cannot read properties of null (reading 'type')", source: devtools://devtools/bundled/panels/event_listeners/event_listeners.js (1)
9월 10, 2021 17:44:15.950 [8868:8816:0910/174415.949:ERROR:CONSOLE(1)] "TypeError: Cannot read properties of null (reading 'type')", source: devtools://devtools/bundled/panels/event_listeners/event_listeners.js (1)
9월 10, 2021 17:44:15.950 [8868:8816:0910/174415.949:ERROR:CONSOLE(1)] "TypeError: Cannot read properties of null (reading 'type')", source: devtools://devtools/bundled/panels/event_listeners/event_listeners.js (1)
9월 10, 2021 17:44:15.950 [8868:8816:0910/174415.950:ERROR:CONSOLE(1)] "TypeError: Cannot read properties of null (reading 'type')", source: devtools://devtools/bundled/panels/event_listeners/event_listeners.js (1)
9월 10, 2021 17:44:15.950 [8868:8816:0910/174415.950:ERROR:CONSOLE(1)] "TypeError: Cannot read properties of null (reading 'type')", source: devtools://devtools/bundled/panels/event_listeners/event_listeners.js (1)
9월 10, 2021 17:44:15.950 [8868:8816:0910/174415.950:ERROR:CONSOLE(1)] "TypeError: Cannot read properties of null (reading 'type')", source: devtools://devtools/bundled/panels/event_listeners/event_listeners.js (1)
9월 10, 2021 17:44:15.951 [8868:8816:0910/174415.950:ERROR:CONSOLE(1)] "TypeError: Cannot read properties of null (reading 'type')", source: devtools://devtools/bundled/panels/event_listeners/event_listeners.js (1)
9월 10, 2021 17:44:15.951 [8868:8816:0910/174415.950:ERROR:CONSOLE(1)] "TypeError: Cannot read properties of null (reading 'type')", source: devtools://devtools/bundled/panels/event_listeners/event_listeners.js (1)
9월 10, 2021 17:44:15.951 [8868:8816:0910/174415.950:ERROR:CONSOLE(1)] "TypeError: Cannot read properties of null (reading 'type')", source: devtools://devtools/bundled/panels/event_listeners/event_listeners.js (1)
9월 10, 2021 17:44:15.951 [8868:8816:0910/174415.950:ERROR:CONSOLE(1)] "TypeError: Cannot read properties of null (reading 'type')", source: devtools://devtools/bundled/panels/event_listeners/event_listeners.js (1)
9월 10, 2021 17:44:15.951 [8868:8816:0910/174415.950:ERROR:CONSOLE(1)] "TypeError: Cannot read properties of null (reading 'type')", source: devtools://devtools/bundled/panels/event_listeners/event_listeners.js (1)
9월 10, 2021 17:44:15.951 [8868:8816:0910/174415.950:ERROR:CONSOLE(1)] "TypeError: Cannot read properties of null (reading 'type')", source: devtools://devtools/bundled/panels/event_listeners/event_listeners.js (1)
9월 10, 2021 17:44:15.952 [8868:8816:0910/174415.950:ERROR:CONSOLE(1)] "TypeError: Cannot read properties of null (reading 'type')", source: devtools://devtools/bundled/panels/event_listeners/event_listeners.js (1)
9월 10, 2021 17:44:15.952 [8868:8816:0910/174415.950:ERROR:CONSOLE(1)] "TypeError: Cannot read properties of null (reading 'type')", source: devtools://devtools/bundled/panels/event_listeners/event_listeners.js (1)
9월 10, 2021 17:44:15.952 [8868:8816:0910/174415.950:ERROR:CONSOLE(1)] "TypeError: Cannot read properties of null (reading 'type')", source: devtools://devtools/bundled/panels/event_listeners/event_listeners.js (1)
9월 10, 2021 17:44:15.952 [8868:8816:0910/174415.950:ERROR:CONSOLE(1)] "TypeError: Cannot read properties of null (reading 'type')", source: devtools://devtools/bundled/panels/event_listeners/event_listeners.js (1)
9월 10, 2021 17:44:15.952 [8868:8816:0910/174415.950:ERROR:CONSOLE(1)] "TypeError: Cannot read properties of null (reading 'type')", source: devtools://devtools/bundled/panels/event_listeners/event_listeners.js (1)
9월 10, 2021 17:44:15.952 [8868:8816:0910/174415.950:ERROR:CONSOLE(1)] "TypeError: Cannot read properties of null (reading 'type')", source: devtools://devtools/bundled/panels/event_listeners/event_listeners.js (1)
9월 10, 2021 17:44:15.953 [8868:8816:0910/174415.951:ERROR:CONSOLE(1)] "TypeError: Cannot read properties of null (reading 'type')", source: devtools://devtools/bundled/panels/event_listeners/event_listeners.js (1)
9월 10, 2021 17:44:15.974 [8868:8816:0910/174415.974:ERROR:CONSOLE(1)] "Error: Call function throws exceptions or returns empty value", source: devtools://devtools/bundled/panels/event_listeners/event_listeners.js (1)
9월 10, 2021 17:44:15.976 [8868:8816:0910/174415.976:ERROR:CONSOLE(1)] "Error: Empty event listener's location", source: devtools://devtools/bundled/panels/event_listeners/event_listeners.js (1)
9월 10, 2021 17:44:15.976 [8868:8816:0910/174415.976:ERROR:CONSOLE(1)] "Error: Empty event listener's location", source: devtools://devtools/bundled/panels/event_listeners/event_listeners.js (1)
9월 10, 2021 17:44:15.977 [8868:8816:0910/174415.976:ERROR:CONSOLE(1)] "Error: Empty event listener's location", source: devtools://devtools/bundled/panels/event_listeners/event_listeners.js (1)
9월 10, 2021 17:44:15.977 [8868:8816:0910/174415.976:ERROR:CONSOLE(1)] "Error: Empty event listener's location", source: devtools://devtools/bundled/panels/event_listeners/event_listeners.js (1)
9월 10, 2021 17:44:15.977 [8868:8816:0910/174415.976:ERROR:CONSOLE(1)] "Error: Empty event listener's location", source: devtools://devtools/bundled/panels/event_listeners/event_listeners.js (1)
9월 10, 2021 17:44:15.977 [8868:8816:0910/174415.976:ERROR:CONSOLE(1)] "Error: Empty event listener's location", source: devtools://devtools/bundled/panels/event_listeners/event_listeners.js (1)
9월 10, 2021 17:44:15.977 [8868:8816:0910/174415.976:ERROR:CONSOLE(1)] "Error: Empty event listener's location", source: devtools://devtools/bundled/panels/event_listeners/event_listeners.js (1)
9월 10, 2021 17:44:15.977 [8868:8816:0910/174415.976:ERROR:CONSOLE(1)] "Error: Empty event listener's location", source: devtools://devtools/bundled/panels/event_listeners/event_listeners.js (1)
9월 10, 2021 17:44:15.977 [8868:8816:0910/174415.976:ERROR:CONSOLE(1)] "Error: Empty event listener's location", source: devtools://devtools/bundled/panels/event_listeners/event_listeners.js (1)
9월 10, 2021 17:44:15.978 [8868:8816:0910/174415.976:ERROR:CONSOLE(1)] "Error: Empty event listener's location", source: devtools://devtools/bundled/panels/event_listeners/event_listeners.js (1)
9월 10, 2021 17:44:15.978 [8868:8816:0910/174415.976:ERROR:CONSOLE(1)] "Error: Empty event listener's location", source: devtools://devtools/bundled/panels/event_listeners/event_listeners.js (1)
9월 10, 2021 17:44:15.978 [8868:8816:0910/174415.976:ERROR:CONSOLE(1)] "Error: Empty event listener's location", source: devtools://devtools/bundled/panels/event_listeners/event_listeners.js (1)
9월 10, 2021 17:44:15.978 [8868:8816:0910/174415.976:ERROR:CONSOLE(1)] "Error: Empty event listener's location", source: devtools://devtools/bundled/panels/event_listeners/event_listeners.js (1)
9월 10, 2021 17:44:15.978 [8868:8816:0910/174415.976:ERROR:CONSOLE(1)] "Error: Empty event listener's location", source: devtools://devtools/bundled/panels/event_listeners/event_listeners.js (1)
9월 10, 2021 17:44:15.978 [8868:8816:0910/174415.976:ERROR:CONSOLE(1)] "Error: Empty event listener's location", source: devtools://devtools/bundled/panels/event_listeners/event_listeners.js (1)
9월 10, 2021 17:44:15.978 [8868:8816:0910/174415.976:ERROR:CONSOLE(1)] "Error: Empty event listener's location", source: devtools://devtools/bundled/panels/event_listeners/event_listeners.js (1)
9월 10, 2021 17:44:15.979 [8868:8816:0910/174415.976:ERROR:CONSOLE(1)] "Error: Empty event listener's location", source: devtools://devtools/bundled/panels/event_listeners/event_listeners.js (1)
9월 10, 2021 17:44:15.979 [8868:8816:0910/174415.977:ERROR:CONSOLE(1)] "Error: Empty event listener's location", source: devtools://devtools/bundled/panels/event_listeners/event_listeners.js (1)
9월 10, 2021 17:44:15.979 [8868:8816:0910/174415.977:ERROR:CONSOLE(1)] "Error: Empty event listener's location", source: devtools://devtools/bundled/panels/event_listeners/event_listeners.js (1)
9월 10, 2021 17:44:15.979 [8868:8816:0910/174415.977:ERROR:CONSOLE(1)] "Error: Empty event listener's location", source: devtools://devtools/bundled/panels/event_listeners/event_listeners.js (1)
9월 10, 2021 17:44:15.979 [8868:8816:0910/174415.977:ERROR:CONSOLE(1)] "Error: Empty event listener's location", source: devtools://devtools/bundled/panels/event_listeners/event_listeners.js (1)
9월 10, 2021 17:44:15.979 [8868:8816:0910/174415.977:ERROR:CONSOLE(1)] "Error: Empty event listener's location", source: devtools://devtools/bundled/panels/event_listeners/event_listeners.js (1)
9월 10, 2021 17:44:15.980 [8868:8816:0910/174415.977:ERROR:CONSOLE(1)] "Error: Empty event listener's location", source: devtools://devtools/bundled/panels/event_listeners/event_listeners.js (1)
9월 10, 2021 17:44:15.980 [8868:8816:0910/174415.977:ERROR:CONSOLE(1)] "Error: Empty event listener's location", source: devtools://devtools/bundled/panels/event_listeners/event_listeners.js (1)
9월 10, 2021 17:44:16.241 [8868:8816:0910/174416.241:ERROR:CONSOLE(1)] "Error: Object properties is empty", source: devtools://devtools/bundled/panels/event_listeners/event_listeners.js (1)
9월 10, 2021 17:44:16.242 [8868:8816:0910/174416.242:ERROR:CONSOLE(1)] "Error: Exception in callFunction or result value is empty", source: devtools://devtools/bundled/panels/event_listeners/event_listeners.js (1)
9월 10, 2021 19:45:34.975 [8868:8816:0910/194534.975:ERROR:device_event_log_impl.cc(214)] [19:45:34.975] Bluetooth: bluetooth_adapter_winrt.cc:1073 Getting Default Adapter failed.
9월 11, 2021 11:11:32.85 [8868:8816:0911/111132.084:ERROR:device_event_log_impl.cc(214)] [11:11:32.084] USB: usb_service_win.cc:258 Failed to get device driver name: 요소가 없습니다. (0x490)

9월 14, 2021 09:31:43.924 NEW SESSION
9월 14, 2021 09:31:43.924 [15544:9688:0914/093143.923:ERROR:device_event_log_impl.cc(214)] [09:31:43.922] Bluetooth: bluetooth_adapter_winrt.cc:1073 Getting Default Adapter failed.
9월 14, 2021 09:50:58.871 [15544:1696:0914/095058.870:ERROR:mcs_client.cc(755)] Received close command, resetting connection.
9월 14, 2021 13:29:30.202 [15544:9688:0914/132930.201:ERROR:device_event_log_impl.cc(214)] [13:29:30.202] USB: usb_service_win.cc:258 Failed to get device driver name: 요소가 없습니다. (0x490)

9월 17, 2021 09:16:38.442 NEW SESSION
9월 17, 2021 09:16:38.442 [14980:4400:0917/091638.441:ERROR:device_event_log_impl.cc(214)] [09:16:38.441] Bluetooth: bluetooth_adapter_winrt.cc:1073 Getting Default Adapter failed.
9월 17, 2021 21:17:03.135 [14980:4400:0917/211703.135:ERROR:device_event_log_impl.cc(214)] [21:17:03.135] USB: usb_service_win.cc:258 Failed to get device driver name: 요소가 없습니다. (0x490)
9월 17, 2021 21:29:15.276 [14980:4400:0917/212915.275:ERROR:device_event_log_impl.cc(214)] [21:29:15.275] USB: usb_service_win.cc:258 Failed to get device driver name: 요소가 없습니다. (0x490)
9월 17, 2021 21:29:15.289 [14980:4400:0917/212915.289:ERROR:device_event_log_impl.cc(214)] [21:29:15.286] USB: usb_service_win.cc:281 SetupDiEnumDeviceInterfaces: 사용 가능한 데이터가 없습니다. (0x103)
9월 17, 2021 21:36:15.783 [14980:4400:0917/213615.783:ERROR:device_event_log_impl.cc(214)] [21:36:15.783] USB: usb_service_win.cc:258 Failed to get device driver name: 요소가 없습니다. (0x490)
9월 17, 2021 21:36:15.796 [14980:4400:0917/213615.796:ERROR:device_event_log_impl.cc(214)] [21:36:15.796] USB: usb_service_win.cc:281 SetupDiEnumDeviceInterfaces: 사용 가능한 데이터가 없습니다. (0x103)
9월 17, 2021 22:58:11.106 [14980:4400:0917/225811.106:ERROR:device_event_log_impl.cc(214)] [22:58:11.105] USB: usb_service_win.cc:258 Failed to get device driver name: 요소가 없습니다. (0x490)
9월 17, 2021 22:58:11.120 [14980:4400:0917/225811.120:ERROR:device_event_log_impl.cc(214)] [22:58:11.118] USB: usb_service_win.cc:281 SetupDiEnumDeviceInterfaces: 사용 가능한 데이터가 없습니다. (0x103)
9월 17, 2021 23:08:31.303 [14980:4400:0917/230831.303:ERROR:device_event_log_impl.cc(214)] [23:08:31.303] USB: usb_service_win.cc:258 Failed to get device driver name: 요소가 없습니다. (0x490)
9월 17, 2021 23:08:31.311 [14980:4400:0917/230831.311:ERROR:device_event_log_impl.cc(214)] [23:08:31.311] USB: usb_service_win.cc:281 SetupDiEnumDeviceInterfaces: 사용 가능한 데이터가 없습니다. (0x103)

9월 18, 2021 12:38:09.495 NEW SESSION
9월 18, 2021 12:38:09.495 [12356:16572:0918/123809.493:ERROR:device_event_log_impl.cc(214)] [12:38:09.493] Bluetooth: bluetooth_adapter_winrt.cc:1073 Getting Default Adapter failed.

9월 20, 2021 12:33:06.505 NEW SESSION
9월 20, 2021 12:33:06.505 [8464:18688:0920/123306.504:ERROR:device_event_log_impl.cc(214)] [12:33:06.505] Bluetooth: bluetooth_adapter_winrt.cc:1073 Getting Default Adapter failed.
9월 20, 2021 18:43:10.654 [8464:18688:0920/184310.653:ERROR:command_buffer_proxy_impl.cc(328)] GPU state invalid after WaitForGetOffsetInRange.
9월 20, 2021 18:43:10.681 [8464:18688:0920/184310.681:ERROR:gpu_process_host.cc(961)] GPU process exited unexpectedly: exit_code=2
9월 20, 2021 21:59:44.970 [8464:18688:0920/215944.970:ERROR:device_event_log_impl.cc(214)] [21:59:44.970] USB: usb_service_win.cc:258 Failed to get device driver name: 요소가 없습니다. (0x490)
9월 21, 2021 01:44:03.86 [8464:8552:0921/014403.085:ERROR:database.cc(1674)] Passwords SQLite error: code 2067 errno 0: UNIQUE constraint failed: logins.origin_url, logins.username_element, logins.username_value, logins.password_element, logins.signon_realm sql: INSERT INTO logins (origin_url, action_url, username_element, username_value, password_element, password_value, submit_element, signon_realm, date_created, blacklisted_by_user, scheme, password_type, times_used, form_data, date_synced, display_name, icon_url, federation_url, skip_zero_click, generation_upload_status, possible_username_pairs, id, date_last_used, moving_blocked_for) VALUES (?,?,?,?,?,?,?,?,?,?,?,?,?,?,?,?,?,?,?,?,?,?,?,?)
9월 21, 2021 02:03:36.59 [8464:13544:0921/020336.059:ERROR:database.cc(1674)] Passwords SQLite error: code 2067 errno 0: UNIQUE constraint failed: logins.origin_url, logins.username_element, logins.username_value, logins.password_element, logins.signon_realm sql: INSERT INTO logins (origin_url, action_url, username_element, username_value, password_element, password_value, submit_element, signon_realm, date_created, blacklisted_by_user, scheme, password_type, times_used, form_data, date_synced, display_name, icon_url, federation_url, skip_zero_click, generation_upload_status, possible_username_pairs, id, date_last_used, moving_blocked_for) VALUES (?,?,?,?,?,?,?,?,?,?,?,?,?,?,?,?,?,?,?,?,?,?,?,?)
9월 21, 2021 02:38:10.902 [8464:10492:0921/023810.902:ERROR:database.cc(1674)] Passwords SQLite error: code 2067 errno 0: UNIQUE constraint failed: logins.origin_url, logins.username_element, logins.username_value, logins.password_element, logins.signon_realm sql: INSERT INTO logins (origin_url, action_url, username_element, username_value, password_element, password_value, submit_element, signon_realm, date_created, blacklisted_by_user, scheme, password_type, times_used, form_data, date_synced, display_name, icon_url, federation_url, skip_zero_click, generation_upload_status, possible_username_pairs, id, date_last_used, moving_blocked_for) VALUES (?,?,?,?,?,?,?,?,?,?,?,?,?,?,?,?,?,?,?,?,?,?,?,?)

9월 21, 2021 14:35:00.969 NEW SESSION
9월 21, 2021 14:35:00.969 [8236:12636:0921/143500.968:ERROR:device_event_log_impl.cc(214)] [14:35:00.968] Bluetooth: bluetooth_adapter_winrt.cc:1073 Getting Default Adapter failed.

9월 22, 2021 15:10:03.38 NEW SESSION
9월 22, 2021 15:10:03.38 [1240:13748:0922/151003.037:ERROR:device_event_log_impl.cc(214)] [15:10:03.037] Bluetooth: bluetooth_adapter_winrt.cc:1073 Getting Default Adapter failed.

9월 24, 2021 12:51:13.943 NEW SESSION
9월 24, 2021 12:51:13.943 [6384:6584:0924/125113.942:ERROR:device_event_log_impl.cc(214)] [12:51:13.942] Bluetooth: bluetooth_adapter_winrt.cc:1073 Getting Default Adapter failed.
9월 24, 2021 16:06:47.99 [6384:18620:0924/160647.098:ERROR:database.cc(1674)] Passwords SQLite error: code 2067 errno 0: UNIQUE constraint failed: logins.origin_url, logins.username_element, logins.username_value, logins.password_element, logins.signon_realm sql: INSERT INTO logins (origin_url, action_url, username_element, username_value, password_element, password_value, submit_element, signon_realm, date_created, blacklisted_by_user, scheme, password_type, times_used, form_data, date_synced, display_name, icon_url, federation_url, skip_zero_click, generation_upload_status, possible_username_pairs, id, date_last_used, moving_blocked_for) VALUES (?,?,?,?,?,?,?,?,?,?,?,?,?,?,?,?,?,?,?,?,?,?,?,?)
9월 24, 2021 16:10:21.359 [6384:15476:0924/161021.359:ERROR:database.cc(1674)] Passwords SQLite error: code 2067 errno 0: UNIQUE constraint failed: logins.origin_url, logins.username_element, logins.username_value, logins.password_element, logins.signon_realm sql: INSERT INTO logins (origin_url, action_url, username_element, username_value, password_element, password_value, submit_element, signon_realm, date_created, blacklisted_by_user, scheme, password_type, times_used, form_data, date_synced, display_name, icon_url, federation_url, skip_zero_click, generation_upload_status, possible_username_pairs, id, date_last_used, moving_blocked_for) VALUES (?,?,?,?,?,?,?,?,?,?,?,?,?,?,?,?,?,?,?,?,?,?,?,?)
9월 24, 2021 22:05:49.52 [6384:6584:0924/220549.051:ERROR:device_event_log_impl.cc(214)] [22:05:49.051] USB: usb_service_win.cc:258 Failed to get device driver name: 요소가 없습니다. (0x490)

10월 05, 2021 22:09:04.492 NEW SESSION
10월 05, 2021 22:09:04.492 [6820:1736:1005/220904.489:ERROR:chrome_browser_main_extra_parts_metrics.cc(228)] crbug.com/1216328: Checking Bluetooth availability started. Please report if there is no report that this ends.
10월 05, 2021 22:09:04.493 [6820:1736:1005/220904.489:ERROR:chrome_browser_main_extra_parts_metrics.cc(231)] crbug.com/1216328: Checking Bluetooth availability ended.
10월 05, 2021 22:09:04.493 [6820:1736:1005/220904.489:ERROR:chrome_browser_main_extra_parts_metrics.cc(234)] crbug.com/1216328: Checking default browser status started. Please report if there is no report that this ends.
10월 05, 2021 22:09:04.493 [6820:1736:1005/220904.493:ERROR:chrome_browser_main_extra_parts_metrics.cc(238)] crbug.com/1216328: Checking default browser status ended.
10월 05, 2021 22:09:04.504 [6820:10720:1005/220904.503:ERROR:device_event_log_impl.cc(214)] [22:09:04.503] Bluetooth: bluetooth_adapter_winrt.cc:1073 Getting Default Adapter failed.
